Mobilessemblers/gamerZone/app/build/intermediates/manifest_merge_blame_file/release/processReleaseMainManifest/manifest-merger-blame-release-report.txt
1<?xml version="1.0" encoding="utf-8"?>
2<manifest xmlns:android="http://schemas.android.com/apk/res/android"
3    package="com.example.gamerzone"
4    android:versionCode="1"
5    android:versionName="1.0" >
6
7    <uses-sdk
8        android:minSdkVersion="24"
9        android:targetSdkVersion="36" />
10
11    <uses-permission android:name="android.permission.CAMERA" />
11-->src\main\AndroidManifest.xml:5:5-64
11-->src\main\AndroidManifest.xml:5:22-62
12    <uses-permission android:name="android.permission.VIBRATE" />
12-->src\main\AndroidManifest.xml:6:5-66
12-->src\main\AndroidManifest.xml:6:22-63
13    <uses-permission android:name="android.permission.INTERNET" />
13-->src\main\AndroidManifest.xml:7:5-66
13-->src\main\AndroidManifest.xml:7:22-64
14
15    <queries>
15-->[androidx.camera:camera-extensions:1.5.1] AndroidManifest.xml:22:5-26:15
16        <intent>
16-->[androidx.camera:camera-extensions:1.5.1] AndroidManifest.xml:23:9-25:18
17            <action android:name="androidx.camera.extensions.action.VENDOR_ACTION" />
17-->[androidx.camera:camera-extensions:1.5.1] AndroidManifest.xml:24:13-86
17-->[androidx.camera:camera-extensions:1.5.1] AndroidManifest.xml:24:21-83
18        </intent>
19
20        <package android:name="androidx.test.orchestrator" />
20-->[androidx.test:runner:1.5.0] AndroidManifest.xml:25:9-62
20-->[androidx.test:runner:1.5.0] AndroidManifest.xml:25:18-59
21        <package android:name="androidx.test.services" />
21-->[androidx.test:runner:1.5.0] AndroidManifest.xml:26:9-58
21-->[androidx.test:runner:1.5.0] AndroidManifest.xml:26:18-55
22        <package android:name="com.google.android.apps.common.testing.services" />
22-->[androidx.test:runner:1.5.0] AndroidManifest.xml:27:9-83
22-->[androidx.test:runner:1.5.0] AndroidManifest.xml:27:18-80
23    </queries>
24
25    <permission
25-->[androidx.core:core:1.17.0] AndroidManifest.xml:22:5-24:47
26        android:name="com.example.gamerzone.DYNAMIC_RECEIVER_NOT_EXPORTED_PERMISSION"
26-->[androidx.core:core:1.17.0] AndroidManifest.xml:23:9-81
27        android:protectionLevel="signature" />
27-->[androidx.core:core:1.17.0] AndroidManifest.xml:24:9-44
28
29    <uses-permission android:name="com.example.gamerzone.DYNAMIC_RECEIVER_NOT_EXPORTED_PERMISSION" />
29-->[androidx.core:core:1.17.0] AndroidManifest.xml:26:5-97
29-->[androidx.core:core:1.17.0] AndroidManifest.xml:26:22-94
30    <uses-permission android:name="android.permission.REORDER_TASKS" />
30-->[androidx.test:core:1.5.0] AndroidManifest.xml:24:5-72
30-->[androidx.test:core:1.5.0] AndroidManifest.xml:24:22-69
31
32    <application
32-->src\main\AndroidManifest.xml:9:5-29:19
33        android:allowBackup="true"
33-->src\main\AndroidManifest.xml:10:9-35
34        android:appComponentFactory="androidx.core.app.CoreComponentFactory"
34-->[androidx.core:core:1.17.0] AndroidManifest.xml:28:18-86
35        android:dataExtractionRules="@xml/data_extraction_rules"
35-->src\main\AndroidManifest.xml:11:9-65
36        android:extractNativeLibs="false"
37        android:fullBackupContent="@xml/backup_rules"
37-->src\main\AndroidManifest.xml:12:9-54
38        android:icon="@mipmap/ic_launcher"
38-->src\main\AndroidManifest.xml:13:9-43
39        android:label="@string/app_name"
39-->src\main\AndroidManifest.xml:14:9-41
40        android:roundIcon="@mipmap/ic_launcher_round"
40-->src\main\AndroidManifest.xml:15:9-54
41        android:supportsRtl="true"
41-->src\main\AndroidManifest.xml:16:9-35
42        android:theme="@style/Theme.GamerZone" >
42-->src\main\AndroidManifest.xml:17:9-47
43        <activity
43-->src\main\AndroidManifest.xml:18:9-28:20
44            android:name="com.example.gamerzone.MainActivity"
44-->src\main\AndroidManifest.xml:19:13-41
45            android:exported="true"
45-->src\main\AndroidManifest.xml:20:13-36
46            android:label="@string/app_name"
46-->src\main\AndroidManifest.xml:21:13-45
47            android:theme="@style/Theme.GamerZone" >
47-->src\main\AndroidManifest.xml:22:13-51
48            <intent-filter>
48-->src\main\AndroidManifest.xml:23:13-27:29
49                <action android:name="android.intent.action.MAIN" />
49-->src\main\AndroidManifest.xml:24:17-69
49-->src\main\AndroidManifest.xml:24:25-66
50
51                <category android:name="android.intent.category.LAUNCHER" />
51-->src\main\AndroidManifest.xml:26:17-77
51-->src\main\AndroidManifest.xml:26:27-74
52            </intent-filter>
53        </activity>
54
55        <uses-library
55-->[androidx.camera:camera-extensions:1.5.1] AndroidManifest.xml:29:9-31:40
56            android:name="androidx.camera.extensions.impl"
56-->[androidx.camera:camera-extensions:1.5.1] AndroidManifest.xml:30:13-59
57            android:required="false" />
57-->[androidx.camera:camera-extensions:1.5.1] AndroidManifest.xml:31:13-37
58
59        <service
59-->[androidx.camera:camera-camera2:1.5.1] AndroidManifest.xml:24:9-33:19
60            android:name="androidx.camera.core.impl.MetadataHolderService"
60-->[androidx.camera:camera-camera2:1.5.1] AndroidManifest.xml:25:13-75
61            android:enabled="false"
61-->[androidx.camera:camera-camera2:1.5.1] AndroidManifest.xml:26:13-36
62            android:exported="false" >
62-->[androidx.camera:camera-camera2:1.5.1] AndroidManifest.xml:27:13-37
63            <meta-data
63-->[androidx.camera:camera-camera2:1.5.1] AndroidManifest.xml:30:13-32:89
64                android:name="androidx.camera.core.impl.MetadataHolderService.DEFAULT_CONFIG_PROVIDER"
64-->[androidx.camera:camera-camera2:1.5.1] AndroidManifest.xml:31:17-103
65                android:value="androidx.camera.camera2.Camera2Config$DefaultProvider" />
65-->[androidx.camera:camera-camera2:1.5.1] AndroidManifest.xml:32:17-86
66        </service>
67
68        <uses-library
68-->[androidx.window:window:1.5.0] AndroidManifest.xml:23:9-25:40
69            android:name="androidx.window.extensions"
69-->[androidx.window:window:1.5.0] AndroidManifest.xml:24:13-54
70            android:required="false" />
70-->[androidx.window:window:1.5.0] AndroidManifest.xml:25:13-37
71        <uses-library
71-->[androidx.window:window:1.5.0] AndroidManifest.xml:26:9-28:40
72            android:name="androidx.window.sidecar"
72-->[androidx.window:window:1.5.0] AndroidManifest.xml:27:13-51
73            android:required="false" />
73-->[androidx.window:window:1.5.0] AndroidManifest.xml:28:13-37
74
75        <provider
75-->[androidx.emoji2:emoji2:1.4.0] AndroidManifest.xml:24:9-32:20
76            android:name="androidx.startup.InitializationProvider"
76-->[androidx.emoji2:emoji2:1.4.0] AndroidManifest.xml:25:13-67
77            android:authorities="com.example.gamerzone.androidx-startup"
77-->[androidx.emoji2:emoji2:1.4.0] AndroidManifest.xml:26:13-68
78            android:exported="false" >
78-->[androidx.emoji2:emoji2:1.4.0] AndroidManifest.xml:27:13-37
79            <meta-data
79-->[androidx.emoji2:emoji2:1.4.0] AndroidManifest.xml:29:13-31:52
80                android:name="androidx.emoji2.text.EmojiCompatInitializer"
80-->[androidx.emoji2:emoji2:1.4.0] AndroidManifest.xml:30:17-75
81                android:value="androidx.startup" />
81-->[androidx.emoji2:emoji2:1.4.0] AndroidManifest.xml:31:17-49
82            <meta-data
82-->[androidx.lifecycle:lifecycle-process:2.9.4] AndroidManifest.xml:29:13-31:52
83                android:name="androidx.lifecycle.ProcessLifecycleInitializer"
83-->[androidx.lifecycle:lifecycle-process:2.9.4] AndroidManifest.xml:30:17-78
84                android:value="androidx.startup" />
84-->[androidx.lifecycle:lifecycle-process:2.9.4] AndroidManifest.xml:31:17-49
85            <meta-data
85-->[androidx.profileinstaller:profileinstaller:1.4.0] AndroidManifest.xml:29:13-31:52
86                android:name="androidx.profileinstaller.ProfileInstallerInitializer"
86-->[androidx.profileinstaller:profileinstaller:1.4.0] AndroidManifest.xml:30:17-85
87                android:value="androidx.startup" />
87-->[androidx.profileinstaller:profileinstaller:1.4.0] AndroidManifest.xml:31:17-49
88        </provider>
89
90        <activity
90-->[androidx.test:core:1.5.0] AndroidManifest.xml:27:9-34:20
91            android:name="androidx.test.core.app.InstrumentationActivityInvoker$BootstrapActivity"
91-->[androidx.test:core:1.5.0] AndroidManifest.xml:28:13-99
92            android:exported="true"
92-->[androidx.test:core:1.5.0] AndroidManifest.xml:29:13-36
93            android:theme="@style/WhiteBackgroundTheme" >
93-->[androidx.test:core:1.5.0] AndroidManifest.xml:30:13-56
94            <intent-filter android:priority="-100" >
94-->[androidx.test:core:1.5.0] AndroidManifest.xml:31:13-33:29
94-->[androidx.test:core:1.5.0] AndroidManifest.xml:31:28-51
95                <category android:name="android.intent.category.LAUNCHER" />
95-->src\main\AndroidManifest.xml:26:17-77
95-->src\main\AndroidManifest.xml:26:27-74
96            </intent-filter>
97        </activity>
98        <activity
98-->[androidx.test:core:1.5.0] AndroidManifest.xml:35:9-42:20
99            android:name="androidx.test.core.app.InstrumentationActivityInvoker$EmptyActivity"
99-->[androidx.test:core:1.5.0] AndroidManifest.xml:36:13-95
100            android:exported="true"
100-->[androidx.test:core:1.5.0] AndroidManifest.xml:37:13-36
101            android:theme="@style/WhiteBackgroundTheme" >
101-->[androidx.test:core:1.5.0] AndroidManifest.xml:38:13-56
102            <intent-filter android:priority="-100" >
102-->[androidx.test:core:1.5.0] AndroidManifest.xml:31:13-33:29
102-->[androidx.test:core:1.5.0] AndroidManifest.xml:31:28-51
103                <category android:name="android.intent.category.LAUNCHER" />
103-->src\main\AndroidManifest.xml:26:17-77
103-->src\main\AndroidManifest.xml:26:27-74
104            </intent-filter>
105        </activity>
106        <activity
106-->[androidx.test:core:1.5.0] AndroidManifest.xml:43:9-50:20
107            android:name="androidx.test.core.app.InstrumentationActivityInvoker$EmptyFloatingActivity"
107-->[androidx.test:core:1.5.0] AndroidManifest.xml:44:13-103
108            android:exported="true"
108-->[androidx.test:core:1.5.0] AndroidManifest.xml:45:13-36
109            android:theme="@style/WhiteBackgroundDialogTheme" >
109-->[androidx.test:core:1.5.0] AndroidManifest.xml:46:13-62
110            <intent-filter android:priority="-100" >
110-->[androidx.test:core:1.5.0] AndroidManifest.xml:31:13-33:29
110-->[androidx.test:core:1.5.0] AndroidManifest.xml:31:28-51
111                <category android:name="android.intent.category.LAUNCHER" />
111-->src\main\AndroidManifest.xml:26:17-77
111-->src\main\AndroidManifest.xml:26:27-74
112            </intent-filter>
113        </activity>
114
115        <service
115-->[androidx.room:room-runtime-android:2.8.3] AndroidManifest.xml:24:9-28:63
116            android:name="androidx.room.MultiInstanceInvalidationService"
116-->[androidx.room:room-runtime-android:2.8.3] AndroidManifest.xml:25:13-74
117            android:directBootAware="true"
117-->[androidx.room:room-runtime-android:2.8.3] AndroidManifest.xml:26:13-43
118            android:exported="false" />
118-->[androidx.room:room-runtime-android:2.8.3] AndroidManifest.xml:27:13-37
119
120        <receiver
120-->[androidx.profileinstaller:profileinstaller:1.4.0] AndroidManifest.xml:34:9-52:20
121            android:name="androidx.profileinstaller.ProfileInstallReceiver"
121-->[androidx.profileinstaller:profileinstaller:1.4.0] AndroidManifest.xml:35:13-76
122            android:directBootAware="false"
122-->[androidx.profileinstaller:profileinstaller:1.4.0] AndroidManifest.xml:36:13-44
123            android:enabled="true"
123-->[androidx.profileinstaller:profileinstaller:1.4.0] AndroidManifest.xml:37:13-35
124            android:exported="true"
124-->[androidx.profileinstaller:profileinstaller:1.4.0] AndroidManifest.xml:38:13-36
125            android:permission="android.permission.DUMP" >
125-->[androidx.profileinstaller:profileinstaller:1.4.0] AndroidManifest.xml:39:13-57
126            <intent-filter>
126-->[androidx.profileinstaller:profileinstaller:1.4.0] AndroidManifest.xml:40:13-42:29
127                <action android:name="androidx.profileinstaller.action.INSTALL_PROFILE" />
127-->[androidx.profileinstaller:profileinstaller:1.4.0] AndroidManifest.xml:41:17-91
127-->[androidx.profileinstaller:profileinstaller:1.4.0] AndroidManifest.xml:41:25-88
128            </intent-filter>
129            <intent-filter>
129-->[androidx.profileinstaller:profileinstaller:1.4.0] AndroidManifest.xml:43:13-45:29
130                <action android:name="androidx.profileinstaller.action.SKIP_FILE" />
130-->[androidx.profileinstaller:profileinstaller:1.4.0] AndroidManifest.xml:44:17-85
130-->[androidx.profileinstaller:profileinstaller:1.4.0] AndroidManifest.xml:44:25-82
131            </intent-filter>
132            <intent-filter>
132-->[androidx.profileinstaller:profileinstaller:1.4.0] AndroidManifest.xml:46:13-48:29
133                <action android:name="androidx.profileinstaller.action.SAVE_PROFILE" />
133-->[androidx.profileinstaller:profileinstaller:1.4.0] AndroidManifest.xml:47:17-88
133-->[androidx.profileinstaller:profileinstaller:1.4.0] AndroidManifest.xml:47:25-85
134            </intent-filter>
135            <intent-filter>
135-->[androidx.profileinstaller:profileinstaller:1.4.0] AndroidManifest.xml:49:13-51:29
136                <action android:name="androidx.profileinstaller.action.BENCHMARK_OPERATION" />
136-->[androidx.profileinstaller:profileinstaller:1.4.0] AndroidManifest.xml:50:17-95
136-->[androidx.profileinstaller:profileinstaller:1.4.0] AndroidManifest.xml:50:25-92
137            </intent-filter>
138        </receiver>
139    </application>
140
141</manifest>